--------------------------------------------------
{}
(A : Type) → A → A ≅ (m : Nat) → Eq Nat (add 42 m) (add m 42)
--------------------------------------------------
{}
Type ≡ Nat
∀ x0. x0 → x0 ≅ Eq Nat (add 42 x0) (add x0 42)
instantiate: A: Type
--------------------------------------------------
{}
A → A ≅ (m : Nat) → Eq Nat (add 42 m) (add m 42)
--------------------------------------------------
{}
A ≅ Nat
∀ x0. A ≅ Eq Nat (add 42 x0) (add x0 42)
--------------------------------------------------
{A ↦ Nat}
∀ x0. A ≅ Eq Nat (add 42 x0) (add x0 42)
--------------------------------------------------
{A ↦ Unit}
A → A ≅ (m : Nat) → Eq Nat (add 42 m) (add m 42)
--------------------------------------------------
{A ↦ Σ x : ?M$110. ?M$111[x]}
A → A ≅ (m : Nat) → Eq Nat (add 42 m) (add m 42)
--------------------------------------------------
{A ↦ Σ x : ?M$110. ?M$111[x]}
?M$110 ≡ Nat
∀ x0. ?M$111[x0] → Σ x : ?M$110. ?M$111[x] ≅ Eq Nat (add 42 x0) (add x0 42)
--------------------------------------------------
{A ↦ Σ x : ?M$110. ?M$111[x], ?M$110 ↦ Nat}
∀ x0. ?M$111[x0] → Σ x : ?M$110. ?M$111[x] ≅ Eq Nat (add 42 x0) (add x0 42)
--------------------------------------------------
{A ↦ Σ x : ?M$110. ?M$111[x], ?M$110 ↦ Nat, ?M$111[x0] ↦ Unit}
∀ x0. ?M$111[x0] → Σ x : Nat. ?M$111[x] ≅ Eq Nat (add 42 x0) (add x0 42)
--------------------------------------------------
{A ↦ Σ x : ?M$110. ?M$111[x], ?M$110 ↦ Nat, ?M$111[x0] ↦ Σ x : ?M$112[x0]. ?M$113[x0,x]}
∀ x0. ?M$111[x0] → Σ x : Nat. ?M$111[x] ≅ Eq Nat (add 42 x0) (add x0 42)
instantiate: x: ?M$112[x0]
--------------------------------------------------
{A ↦ Σ x : ?M$110. ?M$111[x], ?M$110 ↦ Nat, ?M$111[x0] ↦ Σ x : ?M$112[x0]. ?M$113[x0,x]}
∀ x0. ?M$113[x0,x[x0]] → Σ x : Nat. Σ x' : ?M$112[x]. ?M$113[x,x'] ≅ Eq Nat (add 42 x0) (add x0 42)
--------------------------------------------------
{A ↦ Σ x : ?M$110. ?M$111[x], ?M$113[x0,x1] ↦ Unit, ?M$110 ↦ Nat, ?M$111[x0] ↦ Σ x : ?M$112[x0]. ?M$113[x0,x]}
∀ x0. ?M$113[x0,x[x0]] → Σ x : Nat. Σ x' : ?M$112[x]. ?M$113[x,x'] ≅ Eq Nat (add 42 x0) (add x0 42)
--------------------------------------------------
{A ↦ Σ x : ?M$110. ?M$111[x], ?M$113[x0,x1] ↦ Σ x : ?M$115[x0,x1]. ?M$116[x0,x1,x], ?M$110 ↦ Nat, ?M$111[x0] ↦ Σ x : ?M$112[x0]. ?M$113[x0,x]}
∀ x0. ?M$113[x0,x[x0]] → Σ x : Nat. Σ x' : ?M$112[x]. ?M$113[x,x'] ≅ Eq Nat (add 42 x0) (add x0 42)
instantiate: x: ?M$115[x0,x[x0]]
--------------------------------------------------
{A ↦ Σ x : ?M$110. ?M$111[x], ?M$113[x0,x1] ↦ Σ x : ?M$115[x0,x1]. ?M$116[x0,x1,x], ?M$110 ↦ Nat, ?M$111[x0] ↦ Σ x : ?M$112[x0]. ?M$113[x0,x]}
∀ x0. ?M$116[x0,x[x0],x[x0]] → Σ x : Nat. Σ x' : ?M$112[x]. Σ x'' : ?M$115[x,x']. ?M$116[x,x',x''] ≅ Eq Nat (add 42 x0) (add x0 42)
--------------------------------------------------
{A ↦ Σ x : ?M$110. ?M$111[x], ?M$112[x0] ↦ Unit, ?M$110 ↦ Nat, ?M$111[x0] ↦ Σ x : ?M$112[x0]. ?M$113[x0,x]}
∀ x0. (x : ?M$112[x0]) → ?M$113[x0,x] → Σ x' : Nat. Σ x'' : ?M$112[x']. ?M$113[x',x''] ≅ Eq Nat (add 42 x0) (add x0 42)
--------------------------------------------------
{A ↦ Σ x : ?M$110. ?M$111[x], ?M$112[x0] ↦ Σ x : ?M$118[x0]. ?M$119[x0,x], ?M$110 ↦ Nat, ?M$111[x0] ↦ Σ x : ?M$112[x0]. ?M$113[x0,x]}
∀ x0. (x : ?M$112[x0]) → ?M$113[x0,x] → Σ x' : Nat. Σ x'' : ?M$112[x']. ?M$113[x',x''] ≅ Eq Nat (add 42 x0) (add x0 42)
instantiate: x: ?M$118[x0]
--------------------------------------------------
{A ↦ Σ x : ?M$110. ?M$111[x], ?M$112[x0] ↦ Σ x : ?M$118[x0]. ?M$119[x0,x], ?M$110 ↦ Nat, ?M$111[x0] ↦ Σ x : ?M$112[x0]. ?M$113[x0,x]}
∀ x0. (x : ?M$119[x0,x[x0]]) → ?M$113[x0,(x[x0], x)] → Σ x' : Nat. Σ x'' : ?M$118[x']. Σ x''' : ?M$119[x',x'']. ?M$113[x',(x'', x''')] ≅ Eq Nat (add 42 x0) (add x0 42)
instantiate: x: ?M$119[x0,x[x0]]
--------------------------------------------------
{A ↦ Σ x : ?M$110. ?M$111[x], ?M$112[x0] ↦ Σ x : ?M$118[x0]. ?M$119[x0,x], ?M$110 ↦ Nat, ?M$111[x0] ↦ Σ x : ?M$112[x0]. ?M$113[x0,x]}
∀ x0. ?M$113[x0,(x[x0], x[x0])] → Σ x : Nat. Σ x' : ?M$118[x]. Σ x'' : ?M$119[x,x']. ?M$113[x,(x', x'')] ≅ Eq Nat (add 42 x0) (add x0 42)
instantiate: x: ?M$110
--------------------------------------------------
{A ↦ Σ x : ?M$110. ?M$111[x]}
?M$111[x] → Σ x : ?M$110. ?M$111[x] ≅ (m : Nat) → Eq Nat (add 42 m) (add m 42)
--------------------------------------------------
{A ↦ Σ x : ?M$110. ?M$111[x]}
?M$111[x] ≅ Nat
∀ x0. Σ x : ?M$110. ?M$111[x] ≅ Eq Nat (add 42 x0) (add x0 42)
--------------------------------------------------
{A ↦ Σ x : ?M$110. ?M$111[x], ?M$110 ↦ Unit}
∀ x0. Σ x : ?M$110. ?M$111[x] ≅ Eq Nat (add 42 x0) (add x0 42)
?M$111[x] ≅ Nat
--------------------------------------------------
{A ↦ Σ x : ?M$110. ?M$111[x], ?M$110 ↦ Unit, ?M$111[x0] ↦ Nat}
?M$111[x] ≅ Nat
∀ x0. ?M$111[tt] ≅ Eq Nat (add 42 x0) (add x0 42)
--------------------------------------------------
{A ↦ Σ x : ?M$110. ?M$111[x], ?M$110 ↦ Unit, ?M$111[x0] ↦ Nat}
∀ x0. ?M$111[tt] ≅ Eq Nat (add 42 x0) (add x0 42)
--------------------------------------------------
{A ↦ Σ x : ?M$110. ?M$111[x], ?M$110 ↦ Unit, ?M$111[x0] ↦ x0}
?M$111[x] ≅ Nat
∀ x0. ?M$111[tt] ≅ Eq Nat (add 42 x0) (add x0 42)
--------------------------------------------------
{A ↦ Σ x : ?M$110. ?M$111[x], x ↦ Nat, ?M$110 ↦ Unit, ?M$111[x0] ↦ x0}
∀ x0. ?M$111[tt] ≅ Eq Nat (add 42 x0) (add x0 42)
--------------------------------------------------
{A ↦ Σ x : ?M$110. ?M$111[x], ?M$110 ↦ Σ x : ?M$123. ?M$124[x]}
∀ x0. Σ x : ?M$110. ?M$111[x] ≅ Eq Nat (add 42 x0) (add x0 42)
?M$111[x] ≅ Nat
--------------------------------------------------
{?M$123 ↦ Unit, A ↦ Σ x : ?M$110. ?M$111[x], ?M$110 ↦ Σ x : ?M$123. ?M$124[x]}
∀ x0. Σ x : ?M$123. Σ x' : ?M$124[x]. ?M$111[(x, x')] ≅ Eq Nat (add 42 x0) (add x0 42)
?M$111[x] ≅ Nat
--------------------------------------------------
{?M$123 ↦ Σ x : ?M$125. ?M$126[x], A ↦ Σ x : ?M$110. ?M$111[x], ?M$110 ↦ Σ x : ?M$123. ?M$124[x]}
∀ x0. Σ x : ?M$123. Σ x' : ?M$124[x]. ?M$111[(x, x')] ≅ Eq Nat (add 42 x0) (add x0 42)
?M$111[x] ≅ Nat
--------------------------------------------------
{A ↦ Σ x : ?M$110. ?M$111[x], ?M$111[x0] ↦ Unit}
?M$111[x] → Σ x : ?M$110. ?M$111[x] ≅ (m : Nat) → Eq Nat (add 42 m) (add m 42)
--------------------------------------------------
{A ↦ Σ x : ?M$110. ?M$111[x], ?M$110 ↦ (m : Nat) → Eq Nat (add 42 m) (add m 42), ?M$111[x0] ↦ Unit}
Done0
--------------------------------------------------
{}
(A : Type) → A → A ≅ (m : Nat) → Eq Nat (add 42 m) (add m 42)
--------------------------------------------------
{}
Type ≡ Nat
∀ x0. x0 → x0 ≅ Eq Nat (add 42 x0) (add x0 42)
